<?xml version="1.0" encoding="UTF-8"?>
<!-- Generated by org.testng.reporters.JUnitXMLReporter -->
<testsuite ignored="0" hostname="Chinmays-MacBook-Pro.local" failures="0" tests="3" name="LoginTest" time="10.113" errors="0" timestamp="07 Jul 2018 13:09:09 GMT">
  <testcase classname="package26Groups.example2" name="searchTest" time="6.342"/>
  <testcase classname="package26Groups.example1" name="adminUser" time="6.477"/>
  <testcase classname="package26Groups.example1" name="customerUser" time="10.083"/>
</testsuite> <!-- LoginTest -->
