<?xml version="1.0" encoding="UTF-8"?>
<!-- Generated by org.testng.reporters.JUnitXMLReporter -->
<testsuite ignored="0" hostname="Chinmays-MacBook-Pro.local" failures="0" tests="5" name="Nojjpackage" time="9.398" errors="0" timestamp="10 Jul 2018 06:18:28 GMT">
  <testcase classname="package25.example2" name="searchTest" time="7.586"/>
  <testcase classname="package25.example1" name="adminUser" time="8.681"/>
  <testcase classname="package25.example1" name="adminUserB" time="9.25"/>
  <testcase classname="package25.example1" name="customerUser" time="9.285"/>
  <testcase classname="package25.example1" name="adminUserA" time="9.365"/>
</testsuite> <!-- Nojjpackage -->
